<?xml version="1.0" encoding="UTF-8" ?>
<testsuite tests="1" failures="0" name="runners.TestRunner" time="12.512" errors="1" skipped="0">
  <properties>
[...]
</properties>
  <testcase classname="Items Management" name="As a user, I am able to create an item or a service" time="12.512">
    <error message="no such element: Unable to locate element: {&quot;method&quot;:&quot;xpath&quot;,&quot;selector&quot;:&quot;//a[text()=&apos;null&apos;]&quot;}
  (Session info: chrome=112.0.5615.137)
For documentation on this error, please visit: https://www.seleniumhq.org/exceptions/no_such_element.html
Build info: version: &apos;3.141.59&apos;, revision: &apos;e82be7d358&apos;, time: &apos;2018-11-14T08:17:03&apos;
System info: host: &apos;LAPTOP-P22LO0T8&apos;, ip: &apos;10.0.0.120&apos;, os.name: &apos;Windows 11&apos;, os.arch: &apos;amd64&apos;, os.version: &apos;10.0&apos;, java.version: &apos;17.0.4.1&apos;
Driver info: org.openqa.selenium.chrome.ChromeDriver
Capabilities {acceptInsecureCerts: false, browserName: chrome, browserVersion: 112.0.5615.137, chrome: {chromedriverVersion: 111.0.5563.64 (c710e93d5b63..., userDataDir: C:\Users\khilo\AppData\Loca...}, goog:chromeOptions: {debuggerAddress: localhost:59201}, javascriptEnabled: true, networkConnectionEnabled: false, pageLoadStrategy: normal, platform: WINDOWS, platformName: WINDOWS, proxy: Proxy(), setWindowRect: true, strictFileInteractability: false, timeouts: {implicit: 0, pageLoad: 300000, script: 30000}, unhandledPromptBehavior: dismiss and notify, webauthn:extension:credBlob: true, webauthn:extension:largeBlob: true, webauthn:extension:minPinLength: true, webauthn:extension:prf: true, webauthn:virtualAuthenticators: true}
Session ID: da21466d6d083a89747bec830ca3abdb
*** Element info: {Using=xpath, value=//a[text()=&apos;null&apos;]}" type="org.openqa.selenium.NoSuchElementException">org.openqa.selenium.NoSuchElementException: no such element: Unable to locate element: {&quot;method&quot;:&quot;xpath&quot;,&quot;selector&quot;:&quot;//a[text()=&apos;null&apos;]&quot;}
  (Session info: chrome=112.0.5615.137)
For documentation on this error, please visit: https://www.seleniumhq.org/exceptions/no_such_element.html
Build info: version: &apos;3.141.59&apos;, revision: &apos;e82be7d358&apos;, time: &apos;2018-11-14T08:17:03&apos;
System info: host: &apos;LAPTOP-P22LO0T8&apos;, ip: &apos;10.0.0.120&apos;, os.name: &apos;Windows 11&apos;, os.arch: &apos;amd64&apos;, os.version: &apos;10.0&apos;, java.version: &apos;17.0.4.1&apos;
Driver info: org.openqa.selenium.chrome.ChromeDriver
Capabilities {acceptInsecureCerts: false, browserName: chrome, browserVersion: 112.0.5615.137, chrome: {chromedriverVersion: 111.0.5563.64 (c710e93d5b63..., userDataDir: C:\Users\khilo\AppData\Loca...}, goog:chromeOptions: {debuggerAddress: localhost:59201}, javascriptEnabled: true, networkConnectionEnabled: false, pageLoadStrategy: normal, platform: WINDOWS, platformName: WINDOWS, proxy: Proxy(), setWindowRect: true, strictFileInteractability: false, timeouts: {implicit: 0, pageLoad: 300000, script: 30000}, unhandledPromptBehavior: dismiss and notify, webauthn:extension:credBlob: true, webauthn:extension:largeBlob: true, webauthn:extension:minPinLength: true, webauthn:extension:prf: true, webauthn:virtualAuthenticators: true}
Session ID: da21466d6d083a89747bec830ca3abdb
*** Element info: {Using=xpath, value=//a[text()=&apos;null&apos;]}
	at java.base/jdk.internal.reflect.NativeConstructorAccessorImpl.newInstance0(Native Method)
	at java.base/jdk.internal.reflect.NativeConstructorAccessorImpl.newInstance(NativeConstructorAccessorImpl.java:77)
	at java.base/jdk.internal.reflect.DelegatingConstructorAccessorImpl.newInstance(DelegatingConstructorAccessorImpl.java:45)
	at java.base/java.lang.reflect.Constructor.newInstanceWithCaller(Constructor.java:499)
	at java.base/java.lang.reflect.Constructor.newInstance(Constructor.java:480)
	at org.openqa.selenium.remote.http.W3CHttpResponseCodec.createException(W3CHttpResponseCodec.java:187)
	at org.openqa.selenium.remote.http.W3CHttpResponseCodec.decode(W3CHttpResponseCodec.java:122)
	at org.openqa.selenium.remote.http.W3CHttpResponseCodec.decode(W3CHttpResponseCodec.java:49)
	at org.openqa.selenium.remote.HttpCommandExecutor.execute(HttpCommandExecutor.java:158)
	at org.openqa.selenium.remote.service.DriverCommandExecutor.execute(DriverCommandExecutor.java:83)
	at org.openqa.selenium.remote.RemoteWebDriver.execute(RemoteWebDriver.java:552)
	at org.openqa.selenium.remote.RemoteWebDriver.findElement(RemoteWebDriver.java:323)
	at org.openqa.selenium.remote.RemoteWebDriver.findElementByXPath(RemoteWebDriver.java:428)
	at org.openqa.selenium.By$ByXPath.findElement(By.java:353)
	at org.openqa.selenium.remote.RemoteWebDriver.findElement(RemoteWebDriver.java:315)
	at step_definitions.ItemsManagement.the_item_is_added_to_the_item_list_table(ItemsManagement.java:64)
	at ✽.The Item is added to the Item list table(file:///C:/Users/khilo/WorkSpace/PrimeTechJavaWorkspace/firstCucumberProject/./src/test/resources/features/itemsManagement.feature:18)
</error>
    <system-out>
@regression @itemsTests @createItemWithDataTable @smoketest
Scenario: As a user, I am able to create an item or a service &amp;#27;[90m# src/test/resources/features/itemsManagement.feature:12&amp;#27;[0m
This is before hook!
  &amp;#27;[32mGiven &amp;#27;[0m&amp;#27;[32mAs an entity user, I am logged in&amp;#27;[0m                     &amp;#27;[90m# step_definitions.ItemsManagement.as_an_entity_user_i_am_logged_in()&amp;#27;[0m
  &amp;#27;[32mAnd &amp;#27;[0m&amp;#27;[32mI navigate to Items tab&amp;#27;[0m                                 &amp;#27;[90m# step_definitions.ItemsManagement.i_navigate_to_items_tab()&amp;#27;[0m
  &amp;#27;[32mWhen &amp;#27;[0m&amp;#27;[32mI click on the Add Item button&amp;#27;[0m                         &amp;#27;[90m# step_definitions.ItemsManagement.i_click_on_the_add_item_button()&amp;#27;[0m
  &amp;#27;[32mThen &amp;#27;[0m&amp;#27;[32mI should be on item input page&amp;#27;[0m                         &amp;#27;[90m# step_definitions.ItemsManagement.i_should_be_on_item_input_page()&amp;#27;[0m
MacBook Pro
180000
box
a good gift
  &amp;#27;[32mWhen &amp;#27;[0m&amp;#27;[32mI provide item information to the fields&amp;#27;[0m               &amp;#27;[90m# step_definitions.ItemsManagement.i_provide_item_information_to_the_fields(io.cucumber.datatable.DataTable)&amp;#27;[0m
  &amp;#27;[32mAnd &amp;#27;[0m&amp;#27;[32mI click Save Item button&amp;#27;[0m                                &amp;#27;[90m# step_definitions.ItemsManagement.i_click_save_item_button()&amp;#27;[0m
  &amp;#27;[31mThen &amp;#27;[0m&amp;#27;[31mThe Item is added to the Item list table&amp;#27;[0m               &amp;#27;[90m# step_definitions.ItemsManagement.the_item_is_added_to_the_item_list_table()&amp;#27;[0m
      &amp;#27;[31morg.openqa.selenium.NoSuchElementException: no such element: Unable to locate element: {&quot;method&quot;:&quot;xpath&quot;,&quot;selector&quot;:&quot;//a[text()=&apos;null&apos;]&quot;}
  (Session info: chrome=112.0.5615.137)
For documentation on this error, please visit: https://www.seleniumhq.org/exceptions/no_such_element.html
Build info: version: &apos;3.141.59&apos;, revision: &apos;e82be7d358&apos;, time: &apos;2018-11-14T08:17:03&apos;
System info: host: &apos;LAPTOP-P22LO0T8&apos;, ip: &apos;10.0.0.120&apos;, os.name: &apos;Windows 11&apos;, os.arch: &apos;amd64&apos;, os.version: &apos;10.0&apos;, java.version: &apos;17.0.4.1&apos;
Driver info: org.openqa.selenium.chrome.ChromeDriver
Capabilities {acceptInsecureCerts: false, browserName: chrome, browserVersion: 112.0.5615.137, chrome: {chromedriverVersion: 111.0.5563.64 (c710e93d5b63..., userDataDir: C:\Users\khilo\AppData\Loca...}, goog:chromeOptions: {debuggerAddress: localhost:59201}, javascriptEnabled: true, networkConnectionEnabled: false, pageLoadStrategy: normal, platform: WINDOWS, platformName: WINDOWS, proxy: Proxy(), setWindowRect: true, strictFileInteractability: false, timeouts: {implicit: 0, pageLoad: 300000, script: 30000}, unhandledPromptBehavior: dismiss and notify, webauthn:extension:credBlob: true, webauthn:extension:largeBlob: true, webauthn:extension:minPinLength: true, webauthn:extension:prf: true, webauthn:virtualAuthenticators: true}
Session ID: da21466d6d083a89747bec830ca3abdb
*** Element info: {Using=xpath, value=//a[text()=&apos;null&apos;]}
	at java.base/jdk.internal.reflect.NativeConstructorAccessorImpl.newInstance0(Native Method)
	at java.base/jdk.internal.reflect.NativeConstructorAccessorImpl.newInstance(NativeConstructorAccessorImpl.java:77)
	at java.base/jdk.internal.reflect.DelegatingConstructorAccessorImpl.newInstance(DelegatingConstructorAccessorImpl.java:45)
	at java.base/java.lang.reflect.Constructor.newInstanceWithCaller(Constructor.java:499)
	at java.base/java.lang.reflect.Constructor.newInstance(Constructor.java:480)
	at org.openqa.selenium.remote.http.W3CHttpResponseCodec.createException(W3CHttpResponseCodec.java:187)
	at org.openqa.selenium.remote.http.W3CHttpResponseCodec.decode(W3CHttpResponseCodec.java:122)
	at org.openqa.selenium.remote.http.W3CHttpResponseCodec.decode(W3CHttpResponseCodec.java:49)
	at org.openqa.selenium.remote.HttpCommandExecutor.execute(HttpCommandExecutor.java:158)
	at org.openqa.selenium.remote.service.DriverCommandExecutor.execute(DriverCommandExecutor.java:83)
	at org.openqa.selenium.remote.RemoteWebDriver.execute(RemoteWebDriver.java:552)
	at org.openqa.selenium.remote.RemoteWebDriver.findElement(RemoteWebDriver.java:323)
	at org.openqa.selenium.remote.RemoteWebDriver.findElementByXPath(RemoteWebDriver.java:428)
	at org.openqa.selenium.By$ByXPath.findElement(By.java:353)
	at org.openqa.selenium.remote.RemoteWebDriver.findElement(RemoteWebDriver.java:315)
	at step_definitions.ItemsManagement.the_item_is_added_to_the_item_list_table(ItemsManagement.java:64)
	at ✽.The Item is added to the Item list table(file:///C:/Users/khilo/WorkSpace/PrimeTechJavaWorkspace/firstCucumberProject/./src/test/resources/features/itemsManagement.feature:18)
&amp;#27;[0m
This is after hook!
</system-out>
    <system-err>Starting ChromeDriver 111.0.5563.64 (c710e93d5b63b7095afe8c2c17df34408078439d-refs/branch-heads/5563@{#995}) on port 53181
Only local connections are allowed.
Please see https://chromedriver.chromium.org/security-considerations for suggestions on keeping ChromeDriver safe.
ChromeDriver was started successfully.
[1682304760.208][WARNING]: This version of ChromeDriver has not been tested with Chrome version 112.
Apr 23, 2023 10:52:40 PM org.openqa.selenium.remote.ProtocolHandshake createSession
INFO: Detected dialect: W3C
</system-err>
  </testcase>
</testsuite>